info	2022:05:31 02:52:48	GET Request to /api/gifts-by-target-id/629292df9995bef6ce51ddb4
info	2022:05:31 02:52:48	Route not found
info	2022:05:31 02:52:53	GET Request to /favicon.ico
info	2022:05:31 02:52:53	Route not found
info	2022:05:31 02:52:55	GET Request to /favicon.ico
info	2022:05:31 02:52:55	Route not found
info	2022:05:31 02:52:57	GET Request to /favicon.ico
info	2022:05:31 02:52:57	Route not found
info	2022:05:31 03:04:51	GET Request to /api/gifts
info	2022:05:31 03:04:51	Route not found
info	2022:05:31 03:05:02	GET Request to /api/targets
info	2022:05:31 03:06:44	GET Request to /api/targets
info	2022:05:31 03:07:01	GET Request to /api/629547d9b9a9b32b4210d36b
info	2022:05:31 03:07:01	Route not found
info	2022:05:31 03:07:17	GET Request to /api/gifts-by-target629547d9b9a9b32b4210d36b
info	2022:05:31 03:07:17	Route not found
info	2022:05:31 03:07:23	GET Request to /api/gifts-by-target/629547d9b9a9b32b4210d36b
info	2022:05:31 03:07:39	GET Request to /api/gifts-by-target/629547d9b9a9b32b4210d36b
info	2022:05:31 03:09:44	POST Request to /api/products/
info	2022:05:31 03:09:44	Route not found
info	2022:05:31 03:09:54	POST Request to /api/gifts
info	2022:05:31 03:10:52	GET Request to /api/gifts-by-target/629547d9b9a9b32b4210d36b
info	2022:05:31 03:11:34	POST Request to /api/gifts
info	2022:05:31 03:12:14	DELETE Request to /api/gifts/62955cd2281e4ef7b8a95164
info	2022:05:31 03:12:20	GET Request to /api/gifts-by-target/629547d9b9a9b32b4210d36b
info	2022:05:31 03:12:39	DELETE Request to /api/products/62955cd2281e4ef7b8a95164
info	2022:05:31 03:12:39	Route not found
info	2022:05:31 03:12:48	GET Request to /api/targetss
info	2022:05:31 03:12:48	Route not found
info	2022:05:31 03:14:24	POST Request to /api/gifts
info	2022:05:31 03:14:33	DELETE Request to /api/gifts/62955d36281e4ef7b8a95168
info	2022:05:31 04:21:49	GET Request to /api/targets/
info	2022:05:31 04:21:52	GET Request to /api/gifts-by-target/629547d9b9a9b32b4210d36b
info	2022:05:31 04:21:53	GET Request to /api/gifts-by-target/6295480eb9a9b32b4210d36d
info	2022:05:31 04:21:54	GET Request to /api/gifts-by-target/6295482fb9a9b32b4210d370
info	2022:05:31 04:21:56	GET Request to /api/gifts-by-target/629547d9b9a9b32b4210d36b
info	2022:05:31 04:23:31	GET Request to /api/targets/
info	2022:05:31 04:23:36	GET Request to /api/gifts-by-target/629547d9b9a9b32b4210d36b
info	2022:05:31 04:23:43	GET Request to /api/targets/
info	2022:05:31 04:23:44	GET Request to /api/gifts-by-target/629547d9b9a9b32b4210d36b
info	2022:05:31 04:23:46	GET Request to /api/gifts-by-target/6295480eb9a9b32b4210d36d
info	2022:05:31 04:23:47	GET Request to /api/gifts-by-target/6295482fb9a9b32b4210d370
info	2022:05:31 04:23:49	GET Request to /api/gifts-by-target/629547d9b9a9b32b4210d36b
info	2022:05:31 04:24:10	GET Request to /api/targets/
info	2022:05:31 04:24:20	GET Request to /api/targets/
info	2022:05:31 04:25:11	GET Request to /api/targets/
info	2022:05:31 04:25:16	GET Request to /api/gifts-by-target/629547d9b9a9b32b4210d36b
info	2022:05:31 04:25:59	GET Request to /api/targets/
info	2022:05:31 04:26:09	GET Request to /api/targets/
info	2022:05:31 04:26:11	GET Request to /api/gifts-by-target/629547d9b9a9b32b4210d36b
info	2022:05:31 04:26:31	GET Request to /api/targets/
info	2022:05:31 04:27:06	GET Request to /api/targets/
info	2022:05:31 04:27:09	GET Request to /api/targets/
info	2022:05:31 04:27:12	GET Request to /api/gifts-by-target/629547d9b9a9b32b4210d36b
info	2022:05:31 04:27:24	GET Request to /api/targets/
info	2022:05:31 04:27:28	GET Request to /api/targets/
info	2022:05:31 04:27:41	GET Request to /api/targets/
info	2022:05:31 04:27:42	GET Request to /api/gifts-by-target/629547d9b9a9b32b4210d36b
info	2022:05:31 04:27:49	GET Request to /api/targets/
info	2022:05:31 04:27:50	GET Request to /api/gifts-by-target/629547d9b9a9b32b4210d36b
info	2022:05:31 04:28:03	POST Request to /api/gifts
info	2022:05:31 04:28:13	POST Request to /api/gifts
info	2022:05:31 04:28:13	GiftModel validation failed: discount: Discount can't be negative
info	2022:05:31 04:28:42	POST Request to /api/gifts
info	2022:05:31 04:28:53	GET Request to /api/gifts-by-target/6295480eb9a9b32b4210d36d
info	2022:05:31 04:28:54	GET Request to /api/gifts-by-target/629547d9b9a9b32b4210d36b
info	2022:05:31 04:29:06	GET Request to /api/targets/
info	2022:05:31 04:29:14	GET Request to /api/targets/
info	2022:05:31 04:29:16	GET Request to /api/targets/
info	2022:05:31 04:29:20	GET Request to /api/targets/
info	2022:05:31 04:29:25	GET Request to /api/targets/
info	2022:05:31 04:29:29	GET Request to /api/targets/
info	2022:05:31 04:29:31	GET Request to /api/targets/
info	2022:05:31 04:29:38	GET Request to /api/targets/
info	2022:05:31 04:29:40	GET Request to /api/targets/
info	2022:05:31 04:29:43	GET Request to /api/targets/
info	2022:05:31 04:29:51	GET Request to /api/targets/
info	2022:05:31 04:29:53	GET Request to /api/targets/
info	2022:05:31 04:29:58	GET Request to /api/targets/
info	2022:05:31 04:30:00	GET Request to /api/targets/
info	2022:05:31 04:30:04	GET Request to /api/targets/
info	2022:05:31 04:30:09	GET Request to /api/targets/
info	2022:05:31 04:30:19	GET Request to /api/targets/
info	2022:05:31 04:30:40	GET Request to /api/targets/
info	2022:05:31 04:30:45	GET Request to /api/targets/
info	2022:05:31 04:30:49	GET Request to /api/gifts-by-target/629547d9b9a9b32b4210d36b
info	2022:05:31 04:31:29	GET Request to /api/targets/
info	2022:05:31 04:31:31	GET Request to /api/targets/
info	2022:05:31 04:31:42	GET Request to /api/targets/
info	2022:05:31 04:31:54	GET Request to /api/targets/
info	2022:05:31 04:31:57	GET Request to /api/targets/
info	2022:05:31 04:32:06	GET Request to /api/targets/
info	2022:05:31 04:32:08	GET Request to /api/gifts-by-target/629547d9b9a9b32b4210d36b
info	2022:05:31 04:32:20	GET Request to /api/targets/
info	2022:05:31 04:32:23	GET Request to /api/gifts-by-target/629547d9b9a9b32b4210d36b
info	2022:05:31 04:32:48	GET Request to /api/targets/
info	2022:05:31 04:32:49	GET Request to /api/gifts-by-target/629547d9b9a9b32b4210d36b
info	2022:05:31 04:33:00	GET Request to /api/gifts-by-target/6295480eb9a9b32b4210d36d
info	2022:05:31 04:33:01	GET Request to /api/gifts-by-target/629547d9b9a9b32b4210d36b
info	2022:05:31 04:33:36	GET Request to /api/gifts-by-target/6295480eb9a9b32b4210d36d
info	2022:05:31 04:33:37	GET Request to /api/gifts-by-target/6295482fb9a9b32b4210d370
info	2022:05:31 04:33:38	GET Request to /api/gifts-by-target/629547d9b9a9b32b4210d36b
info	2022:05:31 04:33:53	GET Request to /api/targets/
info	2022:05:31 04:34:02	GET Request to /api/targets/
info	2022:05:31 04:34:06	GET Request to /api/targets/
info	2022:05:31 04:34:08	GET Request to /api/targets/
info	2022:05:31 04:34:09	GET Request to /api/gifts-by-target/629547d9b9a9b32b4210d36b
info	2022:05:31 04:44:28	GET Request to /api/targets/
info	2022:05:31 04:49:53	GET Request to /api/targets/
info	2022:05:31 04:50:06	GET Request to /api/targets/
info	2022:05:31 04:50:10	GET Request to /api/targets/
info	2022:05:31 04:50:20	GET Request to /api/targets/
info	2022:05:31 04:50:54	GET Request to /api/targets/
info	2022:05:31 04:51:54	GET Request to /api/targets/
info	2022:05:31 04:52:05	GET Request to /api/targets/
info	2022:05:31 04:52:27	GET Request to /api/targets/
info	2022:05:31 04:52:31	GET Request to /api/targets/
info	2022:05:31 04:52:42	GET Request to /api/targets/
info	2022:05:31 04:52:50	GET Request to /api/targets/
info	2022:05:31 04:53:03	GET Request to /api/targets/
info	2022:05:31 04:53:21	GET Request to /api/targets/
info	2022:05:31 04:53:34	GET Request to /api/targets/
info	2022:05:31 04:53:36	GET Request to /api/targets/
info	2022:05:31 04:53:45	GET Request to /api/targets/
info	2022:05:31 04:53:54	GET Request to /api/targets/
info	2022:05:31 04:54:12	GET Request to /api/gifts-by-target/629547d9b9a9b32b4210d36b
info	2022:05:31 04:54:30	GET Request to /api/targets/
info	2022:05:31 04:54:37	GET Request to /api/targets/
info	2022:05:31 04:54:49	GET Request to /api/targets/
info	2022:05:31 04:54:52	GET Request to /api/targets/
info	2022:05:31 04:54:59	GET Request to /api/targets/
info	2022:05:31 04:55:08	GET Request to /api/targets/
info	2022:05:31 04:55:30	GET Request to /api/targets/
info	2022:05:31 04:55:37	GET Request to /api/targets/
info	2022:05:31 04:55:41	GET Request to /api/gifts-by-target/6295480eb9a9b32b4210d36d
info	2022:05:31 04:55:42	GET Request to /api/gifts-by-target/629547d9b9a9b32b4210d36b
info	2022:05:31 04:55:57	GET Request to /api/targets/
info	2022:05:31 04:55:59	GET Request to /api/gifts-by-target/629547d9b9a9b32b4210d36b
info	2022:05:31 04:56:16	GET Request to /api/targets/
info	2022:05:31 04:56:18	GET Request to /api/gifts-by-target/629547d9b9a9b32b4210d36b
info	2022:05:31 04:56:28	GET Request to /api/targets/
info	2022:05:31 04:56:33	GET Request to /api/targets/
info	2022:05:31 04:56:34	GET Request to /api/gifts-by-target/629547d9b9a9b32b4210d36b
info	2022:05:31 05:07:03	GET Request to /api/targets/
info	2022:05:31 05:09:21	GET Request to /api/targets/
info	2022:05:31 05:09:23	GET Request to /api/targets/
info	2022:05:31 05:10:42	GET Request to /api/targets/
info	2022:05:31 05:19:57	GET Request to /api/targets/
info	2022:05:31 05:20:02	GET Request to /api/targets/
info	2022:05:31 05:26:27	GET Request to /api/targets/
info	2022:05:31 05:26:29	GET Request to /api/targets/
info	2022:05:31 05:26:40	GET Request to /api/targets/
info	2022:05:31 05:26:45	GET Request to /api/targets/
info	2022:05:31 05:26:53	GET Request to /api/targets/
info	2022:05:31 05:26:56	GET Request to /api/targets/
info	2022:05:31 05:26:58	GET Request to /api/targets/
info	2022:05:31 05:27:05	GET Request to /api/targets/
info	2022:05:31 05:27:09	GET Request to /api/targets/
info	2022:05:31 05:27:13	GET Request to /api/targets/
info	2022:05:31 05:27:18	GET Request to /api/targets/
info	2022:05:31 05:27:24	GET Request to /api/targets/
info	2022:05:31 05:27:34	GET Request to /api/targets/
info	2022:05:31 05:27:39	GET Request to /api/targets/
info	2022:05:31 05:27:40	GET Request to /api/targets/
info	2022:05:31 05:27:48	GET Request to /api/targets/
info	2022:05:31 05:27:53	GET Request to /api/targets/
info	2022:05:31 05:27:56	GET Request to /api/targets/
info	2022:05:31 05:28:04	GET Request to /api/targets/
info	2022:05:31 05:28:09	GET Request to /api/targets/
info	2022:05:31 05:28:10	GET Request to /api/targets/
info	2022:05:31 05:28:22	GET Request to /api/targets/
info	2022:05:31 05:28:24	GET Request to /api/targets/
info	2022:05:31 05:28:27	GET Request to /api/targets/
info	2022:05:31 05:28:31	GET Request to /api/targets/
info	2022:05:31 05:28:33	GET Request to /api/targets/
info	2022:05:31 05:28:44	GET Request to /api/targets/
info	2022:05:31 05:29:05	GET Request to /api/targets/
info	2022:05:31 05:29:08	GET Request to /api/targets/
info	2022:05:31 05:29:16	GET Request to /api/targets/
info	2022:05:31 05:29:21	GET Request to /api/targets/
info	2022:05:31 05:29:44	GET Request to /api/targets/
info	2022:05:31 05:29:51	GET Request to /api/targets/
info	2022:05:31 05:29:53	GET Request to /api/targets/
info	2022:05:31 05:29:56	GET Request to /api/targets/
info	2022:05:31 05:30:00	GET Request to /api/targets/
info	2022:05:31 05:30:06	GET Request to /api/targets/
info	2022:05:31 05:30:11	GET Request to /api/targets/
info	2022:05:31 05:31:02	GET Request to /api/targets/
info	2022:05:31 05:31:10	GET Request to /api/targets/
info	2022:05:31 05:31:11	GET Request to /api/targets/
info	2022:05:31 05:31:39	GET Request to /api/targets/
info	2022:05:31 05:31:46	GET Request to /api/targets/
info	2022:05:31 05:32:19	GET Request to /api/targets/
info	2022:05:31 05:32:32	GET Request to /api/targets/
info	2022:05:31 05:32:40	GET Request to /api/targets/
info	2022:05:31 05:32:44	GET Request to /api/targets/
info	2022:05:31 05:32:46	GET Request to /api/targets/
info	2022:05:31 05:32:48	GET Request to /api/targets/
info	2022:05:31 05:33:04	GET Request to /api/targets/
info	2022:05:31 05:33:16	GET Request to /api/targets/
info	2022:05:31 05:33:18	GET Request to /api/targets/
info	2022:05:31 05:33:32	GET Request to /api/targets/
info	2022:05:31 05:33:38	GET Request to /api/targets/
info	2022:05:31 05:33:44	GET Request to /api/targets/
info	2022:05:31 05:33:54	GET Request to /api/targets/
info	2022:05:31 05:34:04	GET Request to /api/targets/
info	2022:05:31 05:36:59	GET Request to /api/targets/
info	2022:05:31 05:37:09	GET Request to /api/targets/
info	2022:05:31 05:37:23	GET Request to /api/targets/
info	2022:05:31 05:37:37	GET Request to /api/targets/
info	2022:05:31 05:37:51	GET Request to /api/targets/
info	2022:05:31 05:37:56	GET Request to /api/targets/
info	2022:05:31 05:45:20	GET Request to /api/gifts-by-target/629547d9b9a9b32b4210d36b
info	2022:05:31 06:39:15	GET Request to /api/targets/
info	2022:05:31 06:39:20	GET Request to /api/gifts-by-target/629547d9b9a9b32b4210d36b
info	2022:05:31 06:39:23	GET Request to /api/targets/
info	2022:05:31 06:39:46	POST Request to /api/gifts/
info	2022:05:31 06:39:46	GiftModel validation failed: name: Name must start with a capital letter
info	2022:05:31 06:39:59	POST Request to /api/gifts/
info	2022:05:31 06:40:01	GET Request to /api/targets/
info	2022:05:31 06:40:03	GET Request to /api/gifts-by-target/629547d9b9a9b32b4210d36b
info	2022:05:31 06:40:04	GET Request to /api/gifts-by-target/6295480eb9a9b32b4210d36d
info	2022:05:31 06:40:06	DELETE Request to /api/gifts/62958e0f94e86918eb6e830d
info	2022:05:31 06:40:08	GET Request to /api/gifts-by-target/6295482fb9a9b32b4210d370
info	2022:05:31 06:40:10	GET Request to /api/gifts-by-target/629547d9b9a9b32b4210d36b
info	2022:05:31 06:40:11	GET Request to /api/targets/
